
[2K[1G[1myarn run v1.22.22[22m
[2K[1G[2m$ tsup[22m
[34mCLI[39m Building entry: src/index.ts
[34mCLI[39m Using tsconfig: tsconfig.cjs.json
[34mCLI[39m tsup v8.5.0
[34mCLI[39m Using tsup config: /Users/tandm/Desktop/tuson/web-admin/src/internal/scripts/esm-package-json/tsup.config.ts
[34mCLI[39m Building entry: src/index.ts
[34mCLI[39m Using tsconfig: tsconfig.esm.json
[34mCLI[39m tsup v8.5.0
[34mCLI[39m Using tsup config: /Users/tandm/Desktop/tuson/web-admin/src/internal/scripts/esm-package-json/tsup.config.ts
[34mCLI[39m Building entry: src/index.ts
[34mCLI[39m Using tsconfig: tsconfig.json
[34mCLI[39m tsup v8.5.0
[34mCLI[39m Using tsup config: /Users/tandm/Desktop/tuson/web-admin/src/internal/scripts/esm-package-json/tsup.config.ts
[34mCLI[39m Target: esnext
[34mESM[39m Build start
[34mCLI[39m Target: es6
[34mCJS[39m Build start
[32mESM[39m [1mdist/esm/index.js [22m[32m1.14 KB[39m
[32mESM[39m ⚡️ Build success in 28ms
[32mCJS[39m [1mdist/cjs/index.cjs [22m[32m2.42 KB[39m
[32mCJS[39m ⚡️ Build success in 27ms
DTS Build start
DTS ⚡️ Build success in 1217ms
DTS dist/types/index.d.ts 13.00 B
[2K[1G✨  Done in 2.26s.
